<?xml version="1.0" encoding="UTF-8"?>
<testsuites name="NVP8_Register Mission" time="169.691" tests="2" failures="0" errors="0">
   <testsuite name="NVP8_Register Mission" tests="2" failures="0" errors="0" time="169.691" skipped="0" timestamp="08-01-2024T15:02:04" hostname="**********" id="Test Suites/NVP8_Register Mission">
      <properties>
         <property name="deviceName" value=""/>
         <property name="devicePlatform" value=""/>
         <property name="logFolder" value="C:\\Users\\ThinkPad\\git\\CQPTGL_ManagermentWebsite\\Reports\\20240108_150159\\NVP8_Register Mission\\20240108_150159"/>
         <property name="logFiles" value="C:\\Users\\ThinkPad\\git\\CQPTGL_ManagermentWebsite\\Reports\\20240108_150159\\NVP8_Register Mission\\20240108_150159\\execution0.log"/>
         <property name="attachments" value=""/>
         <property name="hostName" value="**********"/>
         <property name="os" value="Windows 10 64bit"/>
         <property name="katalonVersion" value="9.1.0.212"/>
         <property name="browser" value="Chrome 120.0.0.0"/>
         <property name="hostAddress" value="**********"/>
         <property name="sessionId" value="96a0bb3bed75c86512abbeb7b12c196f"/>
         <property name="seleniumVersion" value="3.141.59"/>
         <property name="proxyInformation" value="ProxyInformation { proxyOption=NO_PROXY, proxyServerType=HTTP, username=, password=********, proxyServerAddress=, proxyServerPort=0, executionList=&quot;&quot;, isApplyToDesiredCapabilities=true }"/>
         <property name="platform" value="Windows 10"/>
      </properties>
      <testcase name="Test Cases/TC09_mission-Register" time="148.373" classname="Test Cases/TC09_mission-Register" status="PASSED">
         <system-out><![CDATA[08-01-2024T15:02:05 - [TEST_CASE][PASSED] - Test Cases/TC09_mission-Register: Test Cases/TC09_mission-Register

08-01-2024T15:02:06 - [TEST_STEP][PASSED] - openBrowser("https://cqsystem.fionaprodev.com/"): Browser is opened with url: 'https://cqsystem.fionaprodev.com/'

08-01-2024T15:02:06 - [MESSAGE][INFO] - Starting 'Chrome' driver

08-01-2024T15:02:07 - [MESSAGE][INFO] - Action delay is set to 0 milliseconds

08-01-2024T15:02:11 - [MESSAGE][PASSED] - Browser is opened with url: 'https://cqsystem.fionaprodev.com/'

08-01-2024T15:02:11 - [TEST_STEP][PASSED] - maximizeWindow(STOP_ON_FAILURE): Current window maximized

08-01-2024T15:02:11 - [MESSAGE][PASSED] - Current window maximized

08-01-2024T15:02:11 - [TEST_STEP][PASSED] - setText(findTestObject("Login_page/login_email"), "temp.vothihanh@gmail.com"): Text 'temp.vothihanh@gmail.com' is set on object 'Object Repository/Login_page/login_email'

08-01-2024T15:02:12 - [MESSAGE][PASSED] - Text 'temp.vothihanh@gmail.com' is set on object 'Object Repository/Login_page/login_email'

08-01-2024T15:02:12 - [TEST_STEP][PASSED] - setText(findTestObject("Login_page/login_password"), "12345678"): Text '12345678' is set on object 'Object Repository/Login_page/login_password'

08-01-2024T15:02:13 - [MESSAGE][PASSED] - Text '12345678' is set on object 'Object Repository/Login_page/login_password'

08-01-2024T15:02:13 - [TEST_STEP][PASSED] - click(findTestObject("Login_page/checkbox_remember")): Object: 'Object Repository/Login_page/checkbox_remember' is clicked on

08-01-2024T15:02:13 - [MESSAGE][PASSED] - Object: 'Object Repository/Login_page/checkbox_remember' is clicked on

08-01-2024T15:02:13 - [TEST_STEP][PASSED] - click(findTestObject("Login_page/button_DangNhap")): Object: 'Object Repository/Login_page/button_DangNhap' is clicked on

08-01-2024T15:02:14 - [MESSAGE][PASSED] - Object: 'Object Repository/Login_page/button_DangNhap' is clicked on

08-01-2024T15:02:14 - [TEST_STEP][PASSED] - delay(2): Delayed 2 second(s)

08-01-2024T15:02:16 - [MESSAGE][PASSED] - Delayed 2 second(s)

08-01-2024T15:02:16 - [TEST_STEP][PASSED] - click(findTestObject("ThongtinNhanVien_page/button_dkTNHD")): Object: 'Object Repository/ThongtinNhanVien_page/button_dkTNHD' is clicked on

08-01-2024T15:02:17 - [MESSAGE][PASSED] - Object: 'Object Repository/ThongtinNhanVien_page/button_dkTNHD' is clicked on

08-01-2024T15:02:17 - [TEST_STEP][PASSED] - click(findTestObject("ThongtinNhanVien_page/link_dk-TNHD")): Object: 'Object Repository/ThongtinNhanVien_page/link_dk-TNHD' is clicked on

08-01-2024T15:02:18 - [MESSAGE][PASSED] - Object: 'Object Repository/ThongtinNhanVien_page/link_dk-TNHD' is clicked on

08-01-2024T15:02:18 - [TEST_STEP][PASSED] - delay(2): Delayed 2 second(s)

08-01-2024T15:02:20 - [MESSAGE][PASSED] - Delayed 2 second(s)

08-01-2024T15:02:20 - [TEST_STEP][PASSED] - selectOptionByValue(findTestObject("DK_TNHD_page/select_main-VU"), "4", true): All options with value '4' are selected in object 'Object Repository/DK_TNHD_page/select_main-VU'  using regular expression

08-01-2024T15:02:21 - [MESSAGE][PASSED] - All options with value '4' are selected in object 'Object Repository/DK_TNHD_page/select_main-VU'  using regular expression

08-01-2024T15:02:21 - [TEST_STEP][PASSED] - delay(2): Delayed 2 second(s)

08-01-2024T15:02:23 - [MESSAGE][PASSED] - Delayed 2 second(s)

08-01-2024T15:02:23 - [TEST_STEP][PASSED] - selectOptionByValue(findTestObject("DK_TNHD_page/select_main-BAN"), "13", true): All options with value '13' are selected in object 'Object Repository/DK_TNHD_page/select_main-BAN'  using regular expression

08-01-2024T15:02:24 - [MESSAGE][PASSED] - All options with value '13' are selected in object 'Object Repository/DK_TNHD_page/select_main-BAN'  using regular expression

08-01-2024T15:02:24 - [TEST_STEP][PASSED] - delay(1): Delayed 1 second(s)

08-01-2024T15:02:25 - [MESSAGE][PASSED] - Delayed 1 second(s)

08-01-2024T15:02:25 - [TEST_STEP][PASSED] - click(findTestObject("DK_TNHD_page/button_dk-TNHD_TiepTuc")): Object: 'Object Repository/DK_TNHD_page/button_dk-TNHD_TiepTuc' is clicked on

08-01-2024T15:02:26 - [MESSAGE][PASSED] - Object: 'Object Repository/DK_TNHD_page/button_dk-TNHD_TiepTuc' is clicked on

08-01-2024T15:02:26 - [TEST_STEP][PASSED] - delay(2): Delayed 2 second(s)

08-01-2024T15:02:28 - [MESSAGE][PASSED] - Delayed 2 second(s)

08-01-2024T15:02:28 - [TEST_STEP][PASSED] - selectOptionByValue(findTestObject("DK_TNHD_page/select_main-ViTri"), "6", true): All options with value '6' are selected in object 'Object Repository/DK_TNHD_page/select_main-ViTri'  using regular expression

08-01-2024T15:02:29 - [MESSAGE][PASSED] - All options with value '6' are selected in object 'Object Repository/DK_TNHD_page/select_main-ViTri'  using regular expression

08-01-2024T15:02:29 - [TEST_STEP][PASSED] - delay(1): Delayed 1 second(s)

08-01-2024T15:02:30 - [MESSAGE][PASSED] - Delayed 1 second(s)

08-01-2024T15:02:30 - [TEST_STEP][PASSED] - click(findTestObject("DK_TNHD_page/buttondata_hasKiemNhiem")): Object: 'Object Repository/DK_TNHD_page/buttondata_hasKiemNhiem' is clicked on

08-01-2024T15:02:31 - [MESSAGE][PASSED] - Object: 'Object Repository/DK_TNHD_page/buttondata_hasKiemNhiem' is clicked on

08-01-2024T15:02:31 - [TEST_STEP][PASSED] - delay(1): Delayed 1 second(s)

08-01-2024T15:02:32 - [MESSAGE][PASSED] - Delayed 1 second(s)

08-01-2024T15:02:32 - [TEST_STEP][PASSED] - click(findTestObject("DK_TNHD_page/button_dk-TNHD_TiepTuc")): Object: 'Object Repository/DK_TNHD_page/button_dk-TNHD_TiepTuc' is clicked on

08-01-2024T15:02:32 - [MESSAGE][PASSED] - Object: 'Object Repository/DK_TNHD_page/button_dk-TNHD_TiepTuc' is clicked on

08-01-2024T15:02:32 - [TEST_STEP][PASSED] - delay(2): Delayed 2 second(s)

08-01-2024T15:02:34 - [MESSAGE][PASSED] - Delayed 2 second(s)

08-01-2024T15:02:34 - [TEST_STEP][PASSED] - click(findTestObject("DK_TNHD_page/button_add-KiemNhiem")): Object: 'Object Repository/DK_TNHD_page/button_add-KiemNhiem' is clicked on

08-01-2024T15:02:35 - [MESSAGE][PASSED] - Object: 'Object Repository/DK_TNHD_page/button_add-KiemNhiem' is clicked on

08-01-2024T15:02:35 - [TEST_STEP][PASSED] - delay(1): Delayed 1 second(s)

08-01-2024T15:02:36 - [MESSAGE][PASSED] - Delayed 1 second(s)

08-01-2024T15:02:36 - [TEST_STEP][PASSED] - selectOptionByValue(findTestObject("DK_TNHD_page/select_sub_VU_475321_1"), "5", true): All options with value '5' are selected in object 'Object Repository/DK_TNHD_page/select_sub_VU_475321_1'  using regular expression

08-01-2024T15:02:37 - [MESSAGE][PASSED] - All options with value '5' are selected in object 'Object Repository/DK_TNHD_page/select_sub_VU_475321_1'  using regular expression

08-01-2024T15:02:37 - [TEST_STEP][PASSED] - delay(2): Delayed 2 second(s)

08-01-2024T15:02:39 - [MESSAGE][PASSED] - Delayed 2 second(s)

08-01-2024T15:02:39 - [TEST_STEP][PASSED] - selectOptionByValue(findTestObject("DK_TNHD_page/select_sub_ViTri_593b8e_1"), "7", true): All options with value '7' are selected in object 'Object Repository/DK_TNHD_page/select_sub_ViTri_593b8e_1'  using regular expression

08-01-2024T15:02:40 - [MESSAGE][PASSED] - All options with value '7' are selected in object 'Object Repository/DK_TNHD_page/select_sub_ViTri_593b8e_1'  using regular expression

08-01-2024T15:02:40 - [TEST_STEP][PASSED] - delay(1): Delayed 1 second(s)

08-01-2024T15:02:41 - [MESSAGE][PASSED] - Delayed 1 second(s)

08-01-2024T15:02:41 - [TEST_STEP][PASSED] - click(findTestObject("DK_TNHD_page/button_dk-TNHD_TiepTuc")): Object: 'Object Repository/DK_TNHD_page/button_dk-TNHD_TiepTuc' is clicked on

08-01-2024T15:02:42 - [MESSAGE][PASSED] - Object: 'Object Repository/DK_TNHD_page/button_dk-TNHD_TiepTuc' is clicked on

08-01-2024T15:02:42 - [TEST_STEP][PASSED] - delay(2): Delayed 2 second(s)

08-01-2024T15:02:44 - [MESSAGE][PASSED] - Delayed 2 second(s)

08-01-2024T15:02:44 - [TEST_STEP][PASSED] - selectOptionByValue(findTestObject("DK_TNHD_page/select_sub_BAN_82ec2e"), "17", true): All options with value '17' are selected in object 'Object Repository/DK_TNHD_page/select_sub_BAN_82ec2e'  using regular expression

08-01-2024T15:02:45 - [MESSAGE][PASSED] - All options with value '17' are selected in object 'Object Repository/DK_TNHD_page/select_sub_BAN_82ec2e'  using regular expression

08-01-2024T15:02:45 - [TEST_STEP][PASSED] - delay(1): Delayed 1 second(s)

08-01-2024T15:02:46 - [MESSAGE][PASSED] - Delayed 1 second(s)

08-01-2024T15:02:46 - [TEST_STEP][PASSED] - click(findTestObject("DK_TNHD_page/button_sub-Xoa")): Object: 'Object Repository/DK_TNHD_page/button_sub-Xoa' is clicked on

08-01-2024T15:02:46 - [MESSAGE][PASSED] - Object: 'Object Repository/DK_TNHD_page/button_sub-Xoa' is clicked on

08-01-2024T15:02:46 - [TEST_STEP][PASSED] - delay(2): Delayed 2 second(s)

08-01-2024T15:02:48 - [MESSAGE][PASSED] - Delayed 2 second(s)

08-01-2024T15:02:48 - [TEST_STEP][PASSED] - click(findTestObject("DK_TNHD_page/button_add-KiemNhiem")): Object: 'Object Repository/DK_TNHD_page/button_add-KiemNhiem' is clicked on

08-01-2024T15:02:49 - [MESSAGE][PASSED] - Object: 'Object Repository/DK_TNHD_page/button_add-KiemNhiem' is clicked on

08-01-2024T15:02:49 - [TEST_STEP][PASSED] - delay(1): Delayed 1 second(s)

08-01-2024T15:02:50 - [MESSAGE][PASSED] - Delayed 1 second(s)

08-01-2024T15:02:50 - [TEST_STEP][PASSED] - selectOptionByValue(findTestObject("DK_TNHD_page/select_sub_VU_475321_1"), "5", true): All options with value '5' are selected in object 'Object Repository/DK_TNHD_page/select_sub_VU_475321_1'  using regular expression

08-01-2024T15:02:52 - [MESSAGE][PASSED] - All options with value '5' are selected in object 'Object Repository/DK_TNHD_page/select_sub_VU_475321_1'  using regular expression

08-01-2024T15:02:52 - [TEST_STEP][PASSED] - delay(2): Delayed 2 second(s)

08-01-2024T15:02:54 - [MESSAGE][PASSED] - Delayed 2 second(s)

08-01-2024T15:02:54 - [TEST_STEP][PASSED] - selectOptionByValue(findTestObject("DK_TNHD_page/select_sub_BAN_82ec2e"), "18", true): All options with value '18' are selected in object 'Object Repository/DK_TNHD_page/select_sub_BAN_82ec2e'  using regular expression

08-01-2024T15:02:55 - [MESSAGE][PASSED] - All options with value '18' are selected in object 'Object Repository/DK_TNHD_page/select_sub_BAN_82ec2e'  using regular expression

08-01-2024T15:02:55 - [TEST_STEP][PASSED] - delay(1): Delayed 1 second(s)

08-01-2024T15:02:56 - [MESSAGE][PASSED] - Delayed 1 second(s)

08-01-2024T15:02:56 - [TEST_STEP][PASSED] - selectOptionByValue(findTestObject("DK_TNHD_page/select_sub_ViTri_593b8e_1"), "7", true): All options with value '7' are selected in object 'Object Repository/DK_TNHD_page/select_sub_ViTri_593b8e_1'  using regular expression

08-01-2024T15:02:57 - [MESSAGE][PASSED] - All options with value '7' are selected in object 'Object Repository/DK_TNHD_page/select_sub_ViTri_593b8e_1'  using regular expression

08-01-2024T15:02:57 - [TEST_STEP][PASSED] - delay(1): Delayed 1 second(s)

08-01-2024T15:02:58 - [MESSAGE][PASSED] - Delayed 1 second(s)

08-01-2024T15:02:58 - [TEST_STEP][PASSED] - click(findTestObject("DK_TNHD_page/button_dk-TNHD_TiepTuc")): Object: 'Object Repository/DK_TNHD_page/button_dk-TNHD_TiepTuc' is clicked on

08-01-2024T15:02:59 - [MESSAGE][PASSED] - Object: 'Object Repository/DK_TNHD_page/button_dk-TNHD_TiepTuc' is clicked on

08-01-2024T15:02:59 - [TEST_STEP][PASSED] - delay(3): Delayed 3 second(s)

08-01-2024T15:03:02 - [MESSAGE][PASSED] - Delayed 3 second(s)

08-01-2024T15:03:02 - [TEST_STEP][PASSED] - waitForPageLoad(3): Wait for page load successfully

08-01-2024T15:03:02 - [MESSAGE][PASSED] - Wait for page load successfully

08-01-2024T15:03:02 - [TEST_STEP][PASSED] - waitForElementPresent(findTestObject("DK_TNHD_page/inputdata_dkTNHD_noisinh"), 3): Object 'Object Repository/DK_TNHD_page/inputdata_dkTNHD_noisinh' is present

08-01-2024T15:03:02 - [MESSAGE][PASSED] - Object 'Object Repository/DK_TNHD_page/inputdata_dkTNHD_noisinh' is present

08-01-2024T15:03:02 - [TEST_STEP][PASSED] - setText(findTestObject("DK_TNHD_page/inputdata_dkTNHD_noisinh"), "Bến Tre"): Text 'Bến Tre' is set on object 'Object Repository/DK_TNHD_page/inputdata_dkTNHD_noisinh'

08-01-2024T15:03:03 - [MESSAGE][PASSED] - Text 'Bến Tre' is set on object 'Object Repository/DK_TNHD_page/inputdata_dkTNHD_noisinh'

08-01-2024T15:03:03 - [TEST_STEP][PASSED] - delay(1): Delayed 1 second(s)

08-01-2024T15:03:04 - [MESSAGE][PASSED] - Delayed 1 second(s)

08-01-2024T15:03:04 - [TEST_STEP][PASSED] - setText(findTestObject("DK_TNHD_page/inputdata_dkTNHD_diachi"), "Tân Phú, TP.HCM"): Text 'Tân Phú, TP.HCM' is set on object 'Object Repository/DK_TNHD_page/inputdata_dkTNHD_diachi'

08-01-2024T15:03:05 - [MESSAGE][PASSED] - Text 'Tân Phú, TP.HCM' is set on object 'Object Repository/DK_TNHD_page/inputdata_dkTNHD_diachi'

08-01-2024T15:03:05 - [TEST_STEP][PASSED] - delay(1): Delayed 1 second(s)

08-01-2024T15:03:06 - [MESSAGE][PASSED] - Delayed 1 second(s)

08-01-2024T15:03:06 - [TEST_STEP][PASSED] - scrollToElement(findTestObject("DK_TNHD_page/inputdata_dkTNHD_diachi"), 0): Scroll to object 'Object Repository/DK_TNHD_page/inputdata_dkTNHD_diachi' successfully

08-01-2024T15:03:06 - [MESSAGE][WARNING] - Timeout '0' is invalid. Using default page load timeout: '30'

08-01-2024T15:03:06 - [MESSAGE][PASSED] - Scroll to object 'Object Repository/DK_TNHD_page/inputdata_dkTNHD_diachi' successfully

08-01-2024T15:03:06 - [TEST_STEP][PASSED] - setText(findTestObject("DK_TNHD_page/inputdata_dkTNHD_ngaynhapmon"), "năm 2000"): Text 'năm 2000' is set on object 'Object Repository/DK_TNHD_page/inputdata_dkTNHD_ngaynhapmon'

08-01-2024T15:03:07 - [MESSAGE][PASSED] - Text 'năm 2000' is set on object 'Object Repository/DK_TNHD_page/inputdata_dkTNHD_ngaynhapmon'

08-01-2024T15:03:07 - [TEST_STEP][PASSED] - delay(1): Delayed 1 second(s)

08-01-2024T15:03:08 - [MESSAGE][PASSED] - Delayed 1 second(s)

08-01-2024T15:03:08 - [TEST_STEP][PASSED] - scrollToElement(findTestObject("DK_TNHD_page/inputdata_dkTNHD_traikyhientai_tunam"), 3): Scroll to object 'Object Repository/DK_TNHD_page/inputdata_dkTNHD_traikyhientai_tunam' successfully

08-01-2024T15:03:08 - [MESSAGE][PASSED] - Scroll to object 'Object Repository/DK_TNHD_page/inputdata_dkTNHD_traikyhientai_tunam' successfully

08-01-2024T15:03:08 - [TEST_STEP][PASSED] - click(findTestObject("DK_TNHD_page/inputdata_dkTNHD_trinhdohocvan")): Object: 'Object Repository/DK_TNHD_page/inputdata_dkTNHD_trinhdohocvan' is clicked on

08-01-2024T15:03:08 - [MESSAGE][PASSED] - Object: 'Object Repository/DK_TNHD_page/inputdata_dkTNHD_trinhdohocvan' is clicked on

08-01-2024T15:03:08 - [TEST_STEP][PASSED] - delay(1): Delayed 1 second(s)

08-01-2024T15:03:09 - [MESSAGE][PASSED] - Delayed 1 second(s)

08-01-2024T15:03:09 - [TEST_STEP][PASSED] - click(findTestObject("DK_TNHD_page/inputdata_dkTNHD_kynangtinhoc")): Object: 'Object Repository/DK_TNHD_page/inputdata_dkTNHD_kynangtinhoc' is clicked on

08-01-2024T15:03:10 - [MESSAGE][PASSED] - Object: 'Object Repository/DK_TNHD_page/inputdata_dkTNHD_kynangtinhoc' is clicked on

08-01-2024T15:03:10 - [TEST_STEP][PASSED] - delay(1): Delayed 1 second(s)

08-01-2024T15:03:11 - [MESSAGE][PASSED] - Delayed 1 second(s)

08-01-2024T15:03:11 - [TEST_STEP][PASSED] - scrollToElement(findTestObject("DK_TNHD_page/button_dk-TNHD_TiepTuc"), 3): Scroll to object 'Object Repository/DK_TNHD_page/button_dk-TNHD_TiepTuc' successfully

08-01-2024T15:03:11 - [MESSAGE][PASSED] - Scroll to object 'Object Repository/DK_TNHD_page/button_dk-TNHD_TiepTuc' successfully

08-01-2024T15:03:11 - [TEST_STEP][PASSED] - click(findTestObject("DK_TNHD_page/button_dk-TNHD_TiepTuc")): Object: 'Object Repository/DK_TNHD_page/button_dk-TNHD_TiepTuc' is clicked on

08-01-2024T15:03:11 - [MESSAGE][PASSED] - Object: 'Object Repository/DK_TNHD_page/button_dk-TNHD_TiepTuc' is clicked on

08-01-2024T15:03:11 - [TEST_STEP][PASSED] - delay(2): Delayed 2 second(s)

08-01-2024T15:03:13 - [MESSAGE][PASSED] - Delayed 2 second(s)

08-01-2024T15:03:13 - [TEST_STEP][PASSED] - scrollToElement(findTestObject("DK_TNHD_page/inputdata_dkTNHD_noisinh"), 3): Scroll to object 'Object Repository/DK_TNHD_page/inputdata_dkTNHD_noisinh' successfully

08-01-2024T15:03:14 - [MESSAGE][PASSED] - Scroll to object 'Object Repository/DK_TNHD_page/inputdata_dkTNHD_noisinh' successfully

08-01-2024T15:03:14 - [TEST_STEP][PASSED] - setText(findTestObject("DK_TNHD_page/inputdata_dkTNHD_phone"), "90909"): Text '90909' is set on object 'Object Repository/DK_TNHD_page/inputdata_dkTNHD_phone'

08-01-2024T15:03:14 - [MESSAGE][PASSED] - Text '90909' is set on object 'Object Repository/DK_TNHD_page/inputdata_dkTNHD_phone'

08-01-2024T15:03:14 - [TEST_STEP][PASSED] - delay(1): Delayed 1 second(s)

08-01-2024T15:03:15 - [MESSAGE][PASSED] - Delayed 1 second(s)

08-01-2024T15:03:15 - [TEST_STEP][PASSED] - scrollToElement(findTestObject("DK_TNHD_page/inputdata_dkTNHD_diachi"), 3): Scroll to object 'Object Repository/DK_TNHD_page/inputdata_dkTNHD_diachi' successfully

08-01-2024T15:03:16 - [MESSAGE][PASSED] - Scroll to object 'Object Repository/DK_TNHD_page/inputdata_dkTNHD_diachi' successfully

08-01-2024T15:03:16 - [TEST_STEP][PASSED] - setText(findTestObject("DK_TNHD_page/inputdata_dkTNHD_noinhapmon"), "TT Bến Tre"): Text 'TT Bến Tre' is set on object 'Object Repository/DK_TNHD_page/inputdata_dkTNHD_noinhapmon'

08-01-2024T15:03:16 - [MESSAGE][PASSED] - Text 'TT Bến Tre' is set on object 'Object Repository/DK_TNHD_page/inputdata_dkTNHD_noinhapmon'

08-01-2024T15:03:16 - [TEST_STEP][PASSED] - delay(1): Delayed 1 second(s)

08-01-2024T15:03:18 - [MESSAGE][PASSED] - Delayed 1 second(s)

08-01-2024T15:03:18 - [TEST_STEP][PASSED] - click(findTestObject("DK_TNHD_page/inputdata_dkTNHD_traikyhientai")): Object: 'Object Repository/DK_TNHD_page/inputdata_dkTNHD_traikyhientai' is clicked on

08-01-2024T15:03:18 - [MESSAGE][PASSED] - Object: 'Object Repository/DK_TNHD_page/inputdata_dkTNHD_traikyhientai' is clicked on

08-01-2024T15:03:18 - [TEST_STEP][PASSED] - delay(1): Delayed 1 second(s)

08-01-2024T15:03:19 - [MESSAGE][PASSED] - Delayed 1 second(s)

08-01-2024T15:03:19 - [TEST_STEP][PASSED] - scrollToElement(findTestObject("DK_TNHD_page/inputdata_dkTNHD_noinhapmon"), 3): Scroll to object 'Object Repository/DK_TNHD_page/inputdata_dkTNHD_noinhapmon' successfully

08-01-2024T15:03:19 - [MESSAGE][PASSED] - Scroll to object 'Object Repository/DK_TNHD_page/inputdata_dkTNHD_noinhapmon' successfully

08-01-2024T15:03:19 - [TEST_STEP][PASSED] - setText(findTestObject("DK_TNHD_page/inputdata_dkTNHD_traikyhientai_tunam"), "2010"): Text '2010' is set on object 'Object Repository/DK_TNHD_page/inputdata_dkTNHD_traikyhientai_tunam'

08-01-2024T15:03:20 - [MESSAGE][PASSED] - Text '2010' is set on object 'Object Repository/DK_TNHD_page/inputdata_dkTNHD_traikyhientai_tunam'

08-01-2024T15:03:20 - [TEST_STEP][PASSED] - delay(1): Delayed 1 second(s)

08-01-2024T15:03:21 - [MESSAGE][PASSED] - Delayed 1 second(s)

08-01-2024T15:03:21 - [TEST_STEP][PASSED] - scrollToElement(findTestObject("DK_TNHD_page/button_dk-TNHD_TiepTuc"), 3): Scroll to object 'Object Repository/DK_TNHD_page/button_dk-TNHD_TiepTuc' successfully

08-01-2024T15:03:21 - [MESSAGE][PASSED] - Scroll to object 'Object Repository/DK_TNHD_page/button_dk-TNHD_TiepTuc' successfully

08-01-2024T15:03:21 - [TEST_STEP][PASSED] - click(findTestObject("DK_TNHD_page/button_dk-TNHD_TiepTuc")): Object: 'Object Repository/DK_TNHD_page/button_dk-TNHD_TiepTuc' is clicked on

08-01-2024T15:03:22 - [MESSAGE][PASSED] - Object: 'Object Repository/DK_TNHD_page/button_dk-TNHD_TiepTuc' is clicked on

08-01-2024T15:03:22 - [TEST_STEP][PASSED] - delay(2): Delayed 2 second(s)

08-01-2024T15:03:24 - [MESSAGE][PASSED] - Delayed 2 second(s)

08-01-2024T15:03:24 - [TEST_STEP][PASSED] - scrollToElement(findTestObject("DK_TNHD_page/inputdata_dkTNHD_noisinh"), 3): Scroll to object 'Object Repository/DK_TNHD_page/inputdata_dkTNHD_noisinh' successfully

08-01-2024T15:03:24 - [MESSAGE][PASSED] - Scroll to object 'Object Repository/DK_TNHD_page/inputdata_dkTNHD_noisinh' successfully

08-01-2024T15:03:24 - [TEST_STEP][PASSED] - setText(findTestObject("DK_TNHD_page/inputdata_dkTNHD_phone"), "0996669029"): Text '0996669029' is set on object 'Object Repository/DK_TNHD_page/inputdata_dkTNHD_phone'

08-01-2024T15:03:25 - [MESSAGE][PASSED] - Text '0996669029' is set on object 'Object Repository/DK_TNHD_page/inputdata_dkTNHD_phone'

08-01-2024T15:03:25 - [TEST_STEP][PASSED] - delay(1): Delayed 1 second(s)

08-01-2024T15:03:26 - [MESSAGE][PASSED] - Delayed 1 second(s)

08-01-2024T15:03:26 - [TEST_STEP][PASSED] - scrollToElement(findTestObject("DK_TNHD_page/button_dk-TNHD_TiepTuc"), 3): Scroll to object 'Object Repository/DK_TNHD_page/button_dk-TNHD_TiepTuc' successfully

08-01-2024T15:03:26 - [MESSAGE][PASSED] - Scroll to object 'Object Repository/DK_TNHD_page/button_dk-TNHD_TiepTuc' successfully

08-01-2024T15:03:26 - [TEST_STEP][PASSED] - click(findTestObject("DK_TNHD_page/button_dk-TNHD_TiepTuc")): Object: 'Object Repository/DK_TNHD_page/button_dk-TNHD_TiepTuc' is clicked on

08-01-2024T15:03:26 - [MESSAGE][PASSED] - Object: 'Object Repository/DK_TNHD_page/button_dk-TNHD_TiepTuc' is clicked on

08-01-2024T15:03:26 - [TEST_STEP][PASSED] - delay(2): Delayed 2 second(s)

08-01-2024T15:03:28 - [MESSAGE][PASSED] - Delayed 2 second(s)

08-01-2024T15:03:28 - [TEST_STEP][PASSED] - waitForPageLoad(3): Wait for page load successfully

08-01-2024T15:03:28 - [MESSAGE][PASSED] - Wait for page load successfully

08-01-2024T15:03:28 - [TEST_STEP][PASSED] - waitForElementPresent(findTestObject("DK_TNHD_page/button_dkTNHD_KyNang"), 3): Object 'Object Repository/DK_TNHD_page/button_dkTNHD_KyNang' is present

08-01-2024T15:03:29 - [MESSAGE][PASSED] - Object 'Object Repository/DK_TNHD_page/button_dkTNHD_KyNang' is present

08-01-2024T15:03:29 - [TEST_STEP][PASSED] - scrollToElement(findTestObject("DK_TNHD_page/button_dk-TNHD_QuayLai"), 3): Scroll to object 'Object Repository/DK_TNHD_page/button_dk-TNHD_QuayLai' successfully

08-01-2024T15:03:29 - [MESSAGE][PASSED] - Scroll to object 'Object Repository/DK_TNHD_page/button_dk-TNHD_QuayLai' successfully

08-01-2024T15:03:29 - [TEST_STEP][PASSED] - click(findTestObject("DK_TNHD_page/button_dk-TNHD_QuayLai")): Object: 'Object Repository/DK_TNHD_page/button_dk-TNHD_QuayLai' is clicked on

08-01-2024T15:03:29 - [MESSAGE][PASSED] - Object: 'Object Repository/DK_TNHD_page/button_dk-TNHD_QuayLai' is clicked on

08-01-2024T15:03:29 - [TEST_STEP][PASSED] - delay(2): Delayed 2 second(s)

08-01-2024T15:03:31 - [MESSAGE][PASSED] - Delayed 2 second(s)

08-01-2024T15:03:31 - [TEST_STEP][PASSED] - scrollToElement(findTestObject("DK_TNHD_page/button_dk-TNHD_TiepTuc"), 3): Scroll to object 'Object Repository/DK_TNHD_page/button_dk-TNHD_TiepTuc' successfully

08-01-2024T15:03:32 - [MESSAGE][PASSED] - Scroll to object 'Object Repository/DK_TNHD_page/button_dk-TNHD_TiepTuc' successfully

08-01-2024T15:03:32 - [TEST_STEP][PASSED] - click(findTestObject("DK_TNHD_page/button_dk-TNHD_TiepTuc")): Object: 'Object Repository/DK_TNHD_page/button_dk-TNHD_TiepTuc' is clicked on

08-01-2024T15:03:32 - [MESSAGE][PASSED] - Object: 'Object Repository/DK_TNHD_page/button_dk-TNHD_TiepTuc' is clicked on

08-01-2024T15:03:32 - [TEST_STEP][PASSED] - delay(2): Delayed 2 second(s)

08-01-2024T15:03:34 - [MESSAGE][PASSED] - Delayed 2 second(s)

08-01-2024T15:03:34 - [TEST_STEP][PASSED] - waitForPageLoad(3): Wait for page load successfully

08-01-2024T15:03:34 - [MESSAGE][PASSED] - Wait for page load successfully

08-01-2024T15:03:34 - [TEST_STEP][PASSED] - scrollToElement(findTestObject("DK_TNHD_page/button_dkTNHD_KyNang"), 3): Scroll to object 'Object Repository/DK_TNHD_page/button_dkTNHD_KyNang' successfully

08-01-2024T15:03:34 - [MESSAGE][PASSED] - Scroll to object 'Object Repository/DK_TNHD_page/button_dkTNHD_KyNang' successfully

08-01-2024T15:03:34 - [TEST_STEP][PASSED] - click(findTestObject("DK_TNHD_page/button_dkTNHD_KyNang"), STOP_ON_FAILURE): Object: 'Object Repository/DK_TNHD_page/button_dkTNHD_KyNang' is clicked on

08-01-2024T15:03:35 - [MESSAGE][PASSED] - Object: 'Object Repository/DK_TNHD_page/button_dkTNHD_KyNang' is clicked on

08-01-2024T15:03:35 - [TEST_STEP][PASSED] - delay(2): Delayed 2 second(s)

08-01-2024T15:03:37 - [MESSAGE][PASSED] - Delayed 2 second(s)

08-01-2024T15:03:37 - [TEST_STEP][PASSED] - scrollToElement(findTestObject("DK_TNHD_page/button_dk-TNHD_TiepTuc"), 3): Scroll to object 'Object Repository/DK_TNHD_page/button_dk-TNHD_TiepTuc' successfully

08-01-2024T15:03:37 - [MESSAGE][PASSED] - Scroll to object 'Object Repository/DK_TNHD_page/button_dk-TNHD_TiepTuc' successfully

08-01-2024T15:03:37 - [TEST_STEP][PASSED] - click(findTestObject("DK_TNHD_page/button_dk-TNHD_TiepTuc")): Object: 'Object Repository/DK_TNHD_page/button_dk-TNHD_TiepTuc' is clicked on

08-01-2024T15:03:37 - [MESSAGE][PASSED] - Object: 'Object Repository/DK_TNHD_page/button_dk-TNHD_TiepTuc' is clicked on

08-01-2024T15:03:37 - [TEST_STEP][PASSED] - delay(2): Delayed 2 second(s)

08-01-2024T15:03:39 - [MESSAGE][PASSED] - Delayed 2 second(s)

08-01-2024T15:03:40 - [TEST_STEP][PASSED] - click(findTestObject("DK_TNHD_page/button_dk-TNHD_DangKy")): Object: 'Object Repository/DK_TNHD_page/button_dk-TNHD_DangKy' is clicked on

08-01-2024T15:03:40 - [MESSAGE][PASSED] - Object: 'Object Repository/DK_TNHD_page/button_dk-TNHD_DangKy' is clicked on

08-01-2024T15:03:40 - [TEST_STEP][PASSED] - delay(50): Delayed 50 second(s)

08-01-2024T15:04:30 - [MESSAGE][PASSED] - Delayed 50 second(s)

08-01-2024T15:04:30 - [TEST_STEP][PASSED] - navigateToUrl("https://cqsystem.fionaprodev.com/"): Navigate to 'https://cqsystem.fionaprodev.com/' successfully

08-01-2024T15:04:31 - [MESSAGE][PASSED] - Navigate to 'https://cqsystem.fionaprodev.com/' successfully

08-01-2024T15:04:33 - [TEST_STEP][PASSED] - Video: Video recording for test case 'Test Cases/TC09_mission-Register' .

08-01-2024T15:04:33 - [MESSAGE][INFO] - Video recording for test case 'Test Cases/TC09_mission-Register' .]]></system-out>
         <system-err><![CDATA[]]></system-err>
      </testcase>
      <testcase name="Test Cases/TC10_mission_Acceptance" time="21.026" classname="Test Cases/TC10_mission_Acceptance" status="PASSED">
         <system-out><![CDATA[08-01-2024T15:04:33 - [TEST_CASE][PASSED] - Test Cases/TC10_mission_Acceptance: Test Cases/TC10_mission_Acceptance

08-01-2024T15:04:33 - [TEST_STEP][PASSED] - refresh(STOP_ON_FAILURE): Refresh successfully

08-01-2024T15:04:34 - [MESSAGE][PASSED] - Refresh successfully

08-01-2024T15:04:34 - [TEST_STEP][PASSED] - click(findTestObject("Page_Danh sch Nhn vin C Quan - H thng ni b _31750c/button_Notification")): Object: 'Object Repository/Page_Danh sch Nhn vin C Quan - H thng ni b _31750c/button_Notification' is clicked on

08-01-2024T15:04:35 - [MESSAGE][PASSED] - Object: 'Object Repository/Page_Danh sch Nhn vin C Quan - H thng ni b _31750c/button_Notification' is clicked on

08-01-2024T15:04:35 - [TEST_STEP][PASSED] - delay(2): Delayed 2 second(s)

08-01-2024T15:04:37 - [MESSAGE][PASSED] - Delayed 2 second(s)

08-01-2024T15:04:37 - [TEST_STEP][PASSED] - click(findTestObject("Object Repository/Page_Danh sch Nhn vin C Quan - H thng ni b _31750c/a_Xem")): Object: 'Object Repository/Page_Danh sch Nhn vin C Quan - H thng ni b _31750c/a_Xem' is clicked on

08-01-2024T15:04:38 - [MESSAGE][PASSED] - Object: 'Object Repository/Page_Danh sch Nhn vin C Quan - H thng ni b _31750c/a_Xem' is clicked on

08-01-2024T15:04:38 - [TEST_STEP][PASSED] - switchToWindowIndex(1): Switched to window with index: '1'

08-01-2024T15:04:38 - [MESSAGE][PASSED] - Switched to window with index: '1'

08-01-2024T15:04:38 - [TEST_STEP][PASSED] - click(findTestObject("Object Repository/Page_Taking New Mission - H thng ni b C Quan PTGL/button_MOTHONGBAO")): Object: 'Object Repository/Page_Taking New Mission - H thng ni b C Quan PTGL/button_MOTHONGBAO' is clicked on

08-01-2024T15:04:39 - [MESSAGE][PASSED] - Object: 'Object Repository/Page_Taking New Mission - H thng ni b C Quan PTGL/button_MOTHONGBAO' is clicked on

08-01-2024T15:04:39 - [TEST_STEP][PASSED] - delay(3): Delayed 3 second(s)

08-01-2024T15:04:42 - [MESSAGE][PASSED] - Delayed 3 second(s)

08-01-2024T15:04:42 - [TEST_STEP][PASSED] - click(findTestObject("Page_Taking New Mission - H thng ni b C Quan PTGL/button_DaDOC")): Object: 'Object Repository/Page_Taking New Mission - H thng ni b C Quan PTGL/button_DaDOC' is clicked on

08-01-2024T15:04:43 - [MESSAGE][PASSED] - Object: 'Object Repository/Page_Taking New Mission - H thng ni b C Quan PTGL/button_DaDOC' is clicked on

08-01-2024T15:04:43 - [TEST_STEP][PASSED] - delay(2): Delayed 2 second(s)

08-01-2024T15:04:45 - [MESSAGE][PASSED] - Delayed 2 second(s)

08-01-2024T15:04:45 - [TEST_STEP][PASSED] - click(findTestObject("Object Repository/Page_Taking New Mission - H thng ni b C Quan PTGL/button_DONG")): Object: 'Object Repository/Page_Taking New Mission - H thng ni b C Quan PTGL/button_DONG' is clicked on

08-01-2024T15:04:45 - [MESSAGE][PASSED] - Object: 'Object Repository/Page_Taking New Mission - H thng ni b C Quan PTGL/button_DONG' is clicked on

08-01-2024T15:04:45 - [TEST_STEP][PASSED] - delay(3): Delayed 3 second(s)

08-01-2024T15:04:48 - [MESSAGE][PASSED] - Delayed 3 second(s)

08-01-2024T15:04:48 - [TEST_STEP][PASSED] - click(findTestObject("Account_menu/img_user-avatar")): Object: 'Object Repository/Account_menu/img_user-avatar' is clicked on

08-01-2024T15:04:48 - [MESSAGE][PASSED] - Object: 'Object Repository/Account_menu/img_user-avatar' is clicked on

08-01-2024T15:04:48 - [TEST_STEP][PASSED] - click(findTestObject("Account_menu/button_DangXuat")): Object: 'Object Repository/Account_menu/button_DangXuat' is clicked on

08-01-2024T15:04:50 - [MESSAGE][PASSED] - Object: 'Object Repository/Account_menu/button_DangXuat' is clicked on

08-01-2024T15:04:50 - [TEST_STEP][PASSED] - delay(2): Delayed 2 second(s)

08-01-2024T15:04:52 - [MESSAGE][PASSED] - Delayed 2 second(s)

08-01-2024T15:04:52 - [TEST_STEP][PASSED] - closeBrowser(): Browser is closed

08-01-2024T15:04:52 - [MESSAGE][PASSED] - Browser is closed

08-01-2024T15:04:54 - [TEST_STEP][PASSED] - Video: Video recording for test case 'Test Cases/TC10_mission_Acceptance' .

08-01-2024T15:04:54 - [MESSAGE][INFO] - Video recording for test case 'Test Cases/TC10_mission_Acceptance' .]]></system-out>
         <system-err><![CDATA[]]></system-err>
      </testcase>
      <system-out><![CDATA[08-01-2024T15:02:04 - [TEST_SUITE][PASSED] - NVP8_Register Mission: Test Cases/TC10_mission_Acceptance]]></system-out>
      <system-err><![CDATA[]]></system-err>
   </testsuite>
</testsuites>
